Using pre-set license
Built from '2020.3/staging' branch; Version is '2020.3.4f1 (0abb6314276a) revision 703331'; Using compiler version '192528614'; Build Type 'Release'
OS: 'Windows 10 Home; OS build 19042.928; Version 2009; 64bit' Language: 'pl' Physical Memory: 8089 MB
BatchMode: 1, IsHumanControllingUs: 0, StartBugReporterOnCrash: 0, Is64bit: 1, IsPro: 0

 COMMAND LINE ARGUMENTS:
E:\Documents\programy\unity\2020.3.4f1\Editor\Unity.exe
-adb2
-batchMode
-noUpm
-name
AssetImportWorker1
-projectPath
C:/Users/AleksandraF/source/repos/GKproj/GK_projekt/Projekt GK
-logFile
Logs/AssetImportWorker1.log
-srvPort
58166
Successfully changed project path to: C:/Users/AleksandraF/source/repos/GKproj/GK_projekt/Projekt GK
C:/Users/AleksandraF/source/repos/GKproj/GK_projekt/Projekt GK
Using Asset Import Pipeline V2.
Refreshing native plugins compatible for Editor in 37.35 ms, found 0 plugins.
Preloading 0 native plugins for Editor in 0.00 ms.
Initialize engine version: 2020.3.4f1 (0abb6314276a)
[Subsystems] Discovering subsystems at path E:/Documents/programy/unity/2020.3.4f1/Editor/Data/Resources/UnitySubsystems
[Subsystems] Discovering subsystems at path C:/Users/AleksandraF/source/repos/GKproj/GK_projekt/Projekt GK/Assets
GfxDevice: creating device client; threaded=0
Direct3D:
    Version:  Direct3D 11.0 [level 11.1]
    Renderer: Radeon (TM) 530 (ID=0x6900)
    Vendor:   
    VRAM:     4086 MB
    Driver:   26.20.15026.1
Initialize mono
Mono path[0] = 'E:/Documents/programy/unity/2020.3.4f1/Editor/Data/Managed'
Mono path[1] = 'E:/Documents/programy/unity/2020.3.4f1/Editor/Data/MonoBleedingEdge/lib/mono/unityjit'
Mono config path = 'E:/Documents/programy/unity/2020.3.4f1/Editor/Data/MonoBleedingEdge/etc'
Using monoOptions --debugger-agent=transport=dt_socket,embedding=1,server=y,suspend=n,address=127.0.0.1:56728
Begin MonoManager ReloadAssembly
Registering precompiled unity dll's ...
Register platform support module: E:/Documents/programy/unity/2020.3.4f1/Editor/Data/PlaybackEngines/WindowsStandaloneSupport/UnityEditor.WindowsStandalone.Extensions.dll
Registered in 0.043679 seconds.
Native extension for WindowsStandalone target not found
Refreshing native plugins compatible for Editor in 32.48 ms, found 0 plugins.
Preloading 0 native plugins for Editor in 0.00 ms.
Mono: successfully reloaded assembly
- Completed reload, in 14.123 seconds
Platform modules already initialized, skipping
Registering precompiled user dll's ...
Registered in 0.002942 seconds.
Begin MonoManager ReloadAssembly
Native extension for WindowsStandalone target not found
Refreshing native plugins compatible for Editor in 0.31 ms, found 0 plugins.
Preloading 0 native plugins for Editor in 0.00 ms.
Mono: successfully reloaded assembly
- Completed reload, in  0.923 seconds
Platform modules already initialized, skipping
========================================================================
Worker process is ready to serve import requests
Launched and connected shader compiler UnityShaderCompiler.exe after 0.17 seconds
Refreshing native plugins compatible for Editor in 0.27 ms, found 0 plugins.
Preloading 0 native plugins for Editor in 0.00 ms.
Unloading 1310 Unused Serialized files (Serialized files now loaded: 0)
System memory in use before: 66.7 MB.
System memory in use after: 66.7 MB.

Unloading 10 unused Assets to reduce memory usage. Loaded Objects now: 1759.
Total: 2.708900 ms (FindLiveObjects: 0.236500 ms CreateObjectMapping: 0.076800 ms MarkObjects: 2.288700 ms  DeleteObjects: 0.105500 ms)

========================================================================
Received Import Request.
  path: Assets/Scenes/FirstLevel.unity
  artifactKey: Guid(a0201d8d920f5db43b92f4d7cbfcb26c) Importer(815301076,1909f56bfc062723c751e8b465ee728b)
Start importing Assets/Scenes/FirstLevel.unity using Guid(a0201d8d920f5db43b92f4d7cbfcb26c) Importer(815301076,1909f56bfc062723c751e8b465ee728b)  -> (artifact id: '53749cc0d8df5b7a9d7a5f28609bcb6c') in 0.029740 seconds
  Import took 0.032550 seconds .

========================================================================
Received Prepare
Refreshing native plugins compatible for Editor in 1.80 ms, found 0 plugins.
Preloading 0 native plugins for Editor in 0.00 ms.
Unloading 2 Unused Serialized files (Serialized files now loaded: 0)
System memory in use before: 38.9 MB.
System memory in use after: 39.1 MB.

Unloading 2 unused Assets to reduce memory usage. Loaded Objects now: 1759.
Total: 2.732200 ms (FindLiveObjects: 0.189700 ms CreateObjectMapping: 0.046700 ms MarkObjects: 2.478900 ms  DeleteObjects: 0.015100 ms)

========================================================================
Received Prepare
Registering precompiled user dll's ...
Registered in 0.000918 seconds.
Begin MonoManager ReloadAssembly
Native extension for WindowsStandalone target not found
Refreshing native plugins compatible for Editor in 0.68 ms, found 0 plugins.
Preloading 0 native plugins for Editor in 0.00 ms.
Mono: successfully reloaded assembly
- Completed reload, in  1.086 seconds
Platform modules already initialized, skipping
Refreshing native plugins compatible for Editor in 0.31 ms, found 0 plugins.
Preloading 0 native plugins for Editor in 0.00 ms.
Unloading 1284 Unused Serialized files (Serialized files now loaded: 0)
System memory in use before: 64.6 MB.
System memory in use after: 64.7 MB.

Unloading 5 unused Assets to reduce memory usage. Loaded Objects now: 1762.
Total: 3.003500 ms (FindLiveObjects: 0.661900 ms CreateObjectMapping: 0.117700 ms MarkObjects: 2.203900 ms  DeleteObjects: 0.018200 ms)

========================================================================
Received Import Request.
  Time since last request: 1567.091132 seconds.
  path: Assets/Scripts/PlayerController.cs
  artifactKey: Guid(48724309b96b0f3448cd25b21272f099) Importer(815301076,1909f56bfc062723c751e8b465ee728b)
Start importing Assets/Scripts/PlayerController.cs using Guid(48724309b96b0f3448cd25b21272f099) Importer(815301076,1909f56bfc062723c751e8b465ee728b)  -> (artifact id: '1d0154841bd9b09778cd3a3f02f4f7ec') in 0.078691 seconds
  Import took 0.082123 seconds .

========================================================================
Received Import Request.
  Time since last request: 8.189862 seconds.
  path: Assets/Scripts/MainMenu.cs
  artifactKey: Guid(987b05f05e2f80d4a85061226324aa12) Importer(815301076,1909f56bfc062723c751e8b465ee728b)
Start importing Assets/Scripts/MainMenu.cs using Guid(987b05f05e2f80d4a85061226324aa12) Importer(815301076,1909f56bfc062723c751e8b465ee728b)  -> (artifact id: '0ce687c78fcbd9055c9be6d1b7aba438') in 0.011165 seconds
  Import took 0.013797 seconds .

========================================================================
Received Import Request.
  Time since last request: 23.167605 seconds.
  path: Assets/Scripts/GameManager.cs
  artifactKey: Guid(a1b661e84edadee42aa4c967af7ee291) Importer(815301076,1909f56bfc062723c751e8b465ee728b)
Start importing Assets/Scripts/GameManager.cs using Guid(a1b661e84edadee42aa4c967af7ee291) Importer(815301076,1909f56bfc062723c751e8b465ee728b)  -> (artifact id: '8e8671149b32a1f884a8e9cac025941c') in 0.010901 seconds
  Import took 0.013729 seconds .

========================================================================
Received Prepare
Registering precompiled user dll's ...
Registered in 0.001353 seconds.
Begin MonoManager ReloadAssembly
Native extension for WindowsStandalone target not found
Refreshing native plugins compatible for Editor in 0.60 ms, found 0 plugins.
Preloading 0 native plugins for Editor in 0.00 ms.
Mono: successfully reloaded assembly
- Completed reload, in  0.913 seconds
Platform modules already initialized, skipping
Refreshing native plugins compatible for Editor in 0.45 ms, found 0 plugins.
Preloading 0 native plugins for Editor in 0.00 ms.
Unloading 1284 Unused Serialized files (Serialized files now loaded: 0)
System memory in use before: 64.6 MB.
System memory in use after: 64.7 MB.

Unloading 5 unused Assets to reduce memory usage. Loaded Objects now: 1765.
Total: 1.940000 ms (FindLiveObjects: 0.172300 ms CreateObjectMapping: 0.038300 ms MarkObjects: 1.709900 ms  DeleteObjects: 0.017200 ms)

========================================================================
Received Import Request.
  Time since last request: 270.097012 seconds.
  path: Assets/Scripts/CoinPickup.cs
  artifactKey: Guid(cb6c39c1eea51084e82d8684e81eded5) Importer(815301076,1909f56bfc062723c751e8b465ee728b)
Start importing Assets/Scripts/CoinPickup.cs using Guid(cb6c39c1eea51084e82d8684e81eded5) Importer(815301076,1909f56bfc062723c751e8b465ee728b)  -> (artifact id: '1d82224110688454fb58531039bbd9f9') in 0.012247 seconds
  Import took 0.014705 seconds .

========================================================================
Received Prepare
Registering precompiled user dll's ...
Registered in 0.000828 seconds.
Begin MonoManager ReloadAssembly
Native extension for WindowsStandalone target not found
Refreshing native plugins compatible for Editor in 0.30 ms, found 0 plugins.
Preloading 0 native plugins for Editor in 0.00 ms.
Mono: successfully reloaded assembly
- Completed reload, in  0.956 seconds
Platform modules already initialized, skipping
Refreshing native plugins compatible for Editor in 0.30 ms, found 0 plugins.
Preloading 0 native plugins for Editor in 0.00 ms.
Unloading 1284 Unused Serialized files (Serialized files now loaded: 0)
System memory in use before: 64.7 MB.
System memory in use after: 64.8 MB.

Unloading 5 unused Assets to reduce memory usage. Loaded Objects now: 1768.
Total: 2.455600 ms (FindLiveObjects: 0.168600 ms CreateObjectMapping: 0.055700 ms MarkObjects: 2.211000 ms  DeleteObjects: 0.019100 ms)

========================================================================
Received Prepare
Registering precompiled user dll's ...
Registered in 0.001103 seconds.
Begin MonoManager ReloadAssembly
Native extension for WindowsStandalone target not found
Refreshing native plugins compatible for Editor in 0.66 ms, found 0 plugins.
Preloading 0 native plugins for Editor in 0.00 ms.
Mono: successfully reloaded assembly
- Completed reload, in  0.944 seconds
Platform modules already initialized, skipping
Refreshing native plugins compatible for Editor in 0.30 ms, found 0 plugins.
Preloading 0 native plugins for Editor in 0.00 ms.
Unloading 1284 Unused Serialized files (Serialized files now loaded: 0)
System memory in use before: 64.7 MB.
System memory in use after: 64.8 MB.

Unloading 5 unused Assets to reduce memory usage. Loaded Objects now: 1771.
Total: 2.286900 ms (FindLiveObjects: 0.169200 ms CreateObjectMapping: 0.051700 ms MarkObjects: 2.045800 ms  DeleteObjects: 0.017000 ms)

AssetImportWorkerClient::OnTransportError - code=2 error=End of file
